0 info it worked if it ends with ok
1 verbose cli [ 'C:\\Program Files\\nodejs\\\\node.exe',
1 verbose cli   'C:\\Program Files\\nodejs\\node_modules\\npm\\bin\\npm-cli.js',
1 verbose cli   'install',
1 verbose cli   'cordova',
1 verbose cli   '3.3.1-0.4.2' ]
2 info using npm@1.3.24
3 info using node@v0.10.25
4 verbose node symlink C:\Program Files\nodejs\\node.exe
5 warn package.json Todo@0.0.1 No repository field.
6 warn package.json Todo@0.0.1 No README data
7 verbose readDependencies using package.json deps
8 verbose cache add [ 'cordova', null ]
9 verbose cache add name=undefined spec="cordova" args=["cordova",null]
10 verbose parsed url { protocol: null,
10 verbose parsed url   slashes: null,
10 verbose parsed url   auth: null,
10 verbose parsed url   host: null,
10 verbose parsed url   port: null,
10 verbose parsed url   hostname: null,
10 verbose parsed url   hash: null,
10 verbose parsed url   search: null,
10 verbose parsed url   query: null,
10 verbose parsed url   pathname: 'cordova',
10 verbose parsed url   path: 'cordova',
10 verbose parsed url   href: 'cordova' }
11 verbose cache add [ '3.3.1-0.4.2', null ]
12 verbose cache add name=undefined spec="3.3.1-0.4.2" args=["3.3.1-0.4.2",null]
13 verbose parsed url { protocol: null,
13 verbose parsed url   slashes: null,
13 verbose parsed url   auth: null,
13 verbose parsed url   host: null,
13 verbose parsed url   port: null,
13 verbose parsed url   hostname: null,
13 verbose parsed url   hash: null,
13 verbose parsed url   search: null,
13 verbose parsed url   query: null,
13 verbose parsed url   pathname: '3.3.1-0.4.2',
13 verbose parsed url   path: '3.3.1-0.4.2',
13 verbose parsed url   href: '3.3.1-0.4.2' }
14 silly lockFile a98f2055-cordova cordova
15 verbose lock cordova C:\Users\ezequielf\AppData\Roaming\npm-cache\a98f2055-cordova.lock
16 silly lockFile 2436d8cf-3-3-1-0-4-2 3.3.1-0.4.2
17 verbose lock 3.3.1-0.4.2 C:\Users\ezequielf\AppData\Roaming\npm-cache\2436d8cf-3-3-1-0-4-2.lock
18 silly lockFile a98f2055-cordova cordova
19 silly lockFile a98f2055-cordova cordova
20 silly lockFile 2436d8cf-3-3-1-0-4-2 3.3.1-0.4.2
21 silly lockFile 2436d8cf-3-3-1-0-4-2 3.3.1-0.4.2
22 verbose addNamed [ 'cordova', '' ]
23 verbose addNamed [ null, '*' ]
24 silly lockFile de8d9fad-cordova cordova@
25 verbose lock cordova@ C:\Users\ezequielf\AppData\Roaming\npm-cache\de8d9fad-cordova.lock
26 verbose addNamed [ '3.3.1-0.4.2', '' ]
27 verbose addNamed [ null, '*' ]
28 silly lockFile 7ab6884a-3-3-1-0-4-2 3.3.1-0.4.2@
29 verbose lock 3.3.1-0.4.2@ C:\Users\ezequielf\AppData\Roaming\npm-cache\7ab6884a-3-3-1-0-4-2.lock
30 silly addNameRange { name: 'cordova', range: '*', hasData: false }
31 silly addNameRange { name: '3.3.1-0.4.2', range: '*', hasData: false }
32 verbose url raw 3.3.1-0.4.2
33 verbose url resolving [ 'https://registry.npmjs.org/', './3.3.1-0.4.2' ]
34 verbose url resolved https://registry.npmjs.org/3.3.1-0.4.2
35 info trying registry request attempt 1 at 09:17:05
36 http GET https://registry.npmjs.org/3.3.1-0.4.2
37 verbose url raw cordova
38 verbose url resolving [ 'https://registry.npmjs.org/', './cordova' ]
39 verbose url resolved https://registry.npmjs.org/cordova
40 info trying registry request attempt 1 at 09:17:05
41 verbose etag "5WGGQTSWK6H1GUTFHUVX79HFP"
42 http GET https://registry.npmjs.org/cordova
43 http 304 https://registry.npmjs.org/cordova
44 silly registry.get cb [ 304,
44 silly registry.get   { date: 'Wed, 21 May 2014 12:17:07 GMT',
44 silly registry.get     server: 'Apache',
44 silly registry.get     via: '1.1 varnish',
44 silly registry.get     'last-modified': 'Wed, 21 May 2014 12:17:07 GMT',
44 silly registry.get     'cache-control': 'max-age=1',
44 silly registry.get     etag: '"5WGGQTSWK6H1GUTFHUVX79HFP"',
44 silly registry.get     'x-served-by': 'cache-iad2134-IAD',
44 silly registry.get     'x-cache': 'MISS',
44 silly registry.get     'x-cache-hits': '0',
44 silly registry.get     'x-timer': 'S1400674627.263196468,VS0,VE13',
44 silly registry.get     vary: 'Accept',
44 silly registry.get     'content-length': '0',
44 silly registry.get     'keep-alive': 'timeout=10, max=50',
44 silly registry.get     connection: 'Keep-Alive' } ]
45 verbose etag cordova from cache
46 silly addNameRange number 2 { name: 'cordova', range: '*', hasData: true }
47 silly addNameRange versions [ 'cordova',
47 silly addNameRange   [ '0.0.1',
47 silly addNameRange     '0.0.2',
47 silly addNameRange     '0.0.3',
47 silly addNameRange     '0.0.4',
47 silly addNameRange     '0.0.5',
47 silly addNameRange     '0.0.6',
47 silly addNameRange     '0.0.7',
47 silly addNameRange     '0.0.8',
47 silly addNameRange     '0.0.9',
47 silly addNameRange     '0.1.0',
47 silly addNameRange     '0.1.1',
47 silly addNameRange     '0.1.2',
47 silly addNameRange     '0.1.3',
47 silly addNameRange     '0.1.4',
47 silly addNameRange     '0.1.5',
47 silly addNameRange     '0.1.6',
47 silly addNameRange     '0.1.7',
47 silly addNameRange     '0.1.8',
47 silly addNameRange     '0.1.9',
47 silly addNameRange     '0.1.10',
47 silly addNameRange     '0.1.11',
47 silly addNameRange     '0.1.12',
47 silly addNameRange     '0.1.13',
47 silly addNameRange     '0.1.14',
47 silly addNameRange     '2.2.0',
47 silly addNameRange     '2.3.0',
47 silly addNameRange     '2.3.1',
47 silly addNameRange     '2.3.2',
47 silly addNameRange     '2.3.3',
47 silly addNameRange     '2.3.5',
47 silly addNameRange     '2.3.6',
47 silly addNameRange     '2.4.0',
47 silly addNameRange     '2.4.1',
47 silly addNameRange     '2.4.2',
47 silly addNameRange     '2.4.3',
47 silly addNameRange     '2.4.4',
47 silly addNameRange     '2.4.5',
47 silly addNameRange     '2.4.6',
47 silly addNameRange     '2.4.7',
47 silly addNameRange     '2.4.8',
47 silly addNameRange     '2.4.9',
47 silly addNameRange     '2.4.10',
47 silly addNameRange     '2.5.0',
47 silly addNameRange     '2.5.2',
47 silly addNameRange     '2.5.3',
47 silly addNameRange     '2.5.4',
47 silly addNameRange     '2.5.5',
47 silly addNameRange     '2.6.0',
47 silly addNameRange     '2.6.1',
47 silly addNameRange     '2.6.2',
47 silly addNameRange     '2.7.0-rc.1',
47 silly addNameRange     '2.7.1-rc.1',
47 silly addNameRange     '2.7.2',
47 silly addNameRange     '2.7.3',
47 silly addNameRange     '2.7.4',
47 silly addNameRange     '2.8.0',
47 silly addNameRange     '2.8.1',
47 silly addNameRange     '2.8.2',
47 silly addNameRange     '2.8.3',
47 silly addNameRange     '2.8.4',
47 silly addNameRange     '2.8.5',
47 silly addNameRange     '2.8.6',
47 silly addNameRange     '2.8.7',
47 silly addNameRange     '2.8.8',
47 silly addNameRange     '2.8.9',
47 silly addNameRange     '2.8.10',
47 silly addNameRange     '2.8.11',
47 silly addNameRange     '2.8.12',
47 silly addNameRange     '2.8.13',
47 silly addNameRange     '2.8.14',
47 silly addNameRange     '2.8.15',
47 silly addNameRange     '2.8.16',
47 silly addNameRange     '2.8.17',
47 silly addNameRange     '2.8.18',
47 silly addNameRange     '2.8.19',
47 silly addNameRange     '2.8.20',
47 silly addNameRange     '2.8.21',
47 silly addNameRange     '2.8.22',
47 silly addNameRange     '2.8.23',
47 silly addNameRange     '2.8.24',
47 silly addNameRange     '2.8.25',
47 silly addNameRange     '2.9.0',
47 silly addNameRange     '2.9.1',
47 silly addNameRange     '2.9.2',
47 silly addNameRange     '2.9.3',
47 silly addNameRange     '2.9.4',
47 silly addNameRange     '2.9.5',
47 silly addNameRange     '2.9.6',
47 silly addNameRange     '2.9.7',
47 silly addNameRange     '3.0.0-rc1',
47 silly addNameRange     '3.0.0-rc1-1',
47 silly addNameRange     '3.0.0-rc1-3',
47 silly addNameRange     '3.0.0',
47 silly addNameRange     '3.0.1',
47 silly addNameRange     '3.0.2',
47 silly addNameRange     '3.0.3',
47 silly addNameRange     '3.0.4',
47 silly addNameRange     '3.0.5',
47 silly addNameRange     '3.0.6',
47 silly addNameRange     '3.0.7',
47 silly addNameRange     '3.0.8',
47 silly addNameRange     '3.0.9',
47 silly addNameRange     '3.0.10',
47 silly addNameRange     '3.1.0-0.1.0',
47 silly addNameRange     '3.1.0-0.2.0',
47 silly addNameRange     '3.2.0-rc.1',
47 silly addNameRange     '3.2.0-0.1.0',
47 silly addNameRange     '3.2.0-0.2.0',
47 silly addNameRange     '3.2.0-0.3.0',
47 silly addNameRange     '3.2.0-0.4.0',
47 silly addNameRange     '3.3.0-rc.1',
47 silly addNameRange     '3.3.0-0.1.1',
47 silly addNameRange     '3.3.1-0.1.2',
47 silly addNameRange     '2.9.0-rc1',
47 silly addNameRange     '3.3.1-0.3.0',
47 silly addNameRange     '3.3.1-0.3.1',
47 silly addNameRange     '3.3.1-0.4.1',
47 silly addNameRange     '3.3.1-0.4.2',
47 silly addNameRange     '3.4.0-0.1.0',
47 silly addNameRange     '3.4.0-0.1.1',
47 silly addNameRange     '3.4.0-0.1.2',
47 silly addNameRange     '3.4.0-0.1.3',
47 silly addNameRange     '0.0.0-fake',
47 silly addNameRange     '3.4.1-0.1.0',
47 silly addNameRange     '3.5.0-0.2.0',
47 silly addNameRange     '3.5.0-0.2.1',
47 silly addNameRange     '3.5.0-0.2.2',
47 silly addNameRange     '3.5.0-0.2.3',
47 silly addNameRange     '3.5.0-0.2.4' ] ]
48 verbose addNamed [ 'cordova', '3.4.1-0.1.0' ]
49 verbose addNamed [ '3.4.1-0.1.0', '3.4.1-0.1.0' ]
50 silly lockFile 052866ff-cordova-3-4-1-0-1-0 cordova@3.4.1-0.1.0
51 verbose lock cordova@3.4.1-0.1.0 C:\Users\ezequielf\AppData\Roaming\npm-cache\052866ff-cordova-3-4-1-0-1-0.lock
52 http 404 https://registry.npmjs.org/3.3.1-0.4.2
53 silly registry.get cb [ 404,
53 silly registry.get   { date: 'Wed, 21 May 2014 12:17:07 GMT',
53 silly registry.get     server: 'CouchDB/1.5.0 (Erlang OTP/R14B04)',
53 silly registry.get     'content-type': 'application/json',
53 silly registry.get     via: '1.1 varnish',
53 silly registry.get     'cache-control': 'max-age=0',
53 silly registry.get     'content-length': '52',
53 silly registry.get     'accept-ranges': 'bytes',
53 silly registry.get     age: '0',
53 silly registry.get     'x-served-by': 'cache-v37-ASH, cache-iad2134-IAD',
53 silly registry.get     'x-cache': 'MISS, MISS',
53 silly registry.get     'x-cache-hits': '0, 0',
53 silly registry.get     'x-timer': 'S1400674627.259515047,VS0,VS2,VE100,VE100',
53 silly registry.get     'keep-alive': 'timeout=10, max=50',
53 silly registry.get     connection: 'Keep-Alive' } ]
54 silly lockFile 7ab6884a-3-3-1-0-4-2 3.3.1-0.4.2@
55 silly lockFile 7ab6884a-3-3-1-0-4-2 3.3.1-0.4.2@
56 error 404 '3.3.1-0.4.2' is not in the npm registry.
56 error 404 You should bug the author to publish it
56 error 404 It was specified as a dependency of 'Todo'
56 error 404
56 error 404 Note that you can also install from a
56 error 404 tarball, folder, or http url, or git url.
57 error System Windows_NT 6.2.9200
58 error command "C:\\Program Files\\nodejs\\\\node.exe" "C:\\Program Files\\nodejs\\node_modules\\npm\\bin\\npm-cli.js" "install" "cordova" "3.3.1-0.4.2"
59 error cwd C:\Projetos\github\Todo
60 error node -v v0.10.25
61 error npm -v 1.3.24
62 error code E404
63 verbose exit [ 1, true ]
